<?xml version="1.0" encoding="UTF-8"?>
<!-- Generated by org.testng.reporters.JUnitReportReporter -->
<testsuite skipped="0" hostname="Gateway-PC" name="com.schemaxtech.testAutomationFrameworkTest.TestAutomationUtilTest2" tests="1" failures="0" timestamp="10 Jul 2019 07:10:13 GMT" time="0.249" errors="0">
  <testcase name="generateJsonThrough_Mapper" time="0.249" classname="com.schemaxtech.testAutomationFrameworkTest.TestAutomationUtilTest2"/>
</testsuite> <!-- com.schemaxtech.testAutomationFrameworkTest.TestAutomationUtilTest2 -->
