<?xml version="1.0" encoding="UTF-8"?>
<!-- Generated by org.testng.reporters.JUnitReportReporter -->
<testsuite skipped="1" hostname="DESKTOP-H6S0689" name="com.schemaxtech.testAutomationFrameworkTest.TestAutomationUtilTest" tests="3" failures="0" timestamp="20 Jul 2019 17:38:18 GMT" time="6.012" errors="0">
  <testcase name="postSampleTest1" time="0.000" classname="com.schemaxtech.testAutomationFrameworkTest.TestAutomationUtilTest">
    <skipped/>
  </testcase> <!-- postSampleTest1 -->
  <testcase name="postSampleTest" time="0.516" classname="com.schemaxtech.testAutomationFrameworkTest.TestAutomationUtilTest"/>
  <testcase name="postSampleTest" time="5.496" classname="com.schemaxtech.testAutomationFrameworkTest.TestAutomationUtilTest"/>
</testsuite> <!-- com.schemaxtech.testAutomationFrameworkTest.TestAutomationUtilTest -->
