<?xml version="1.0" encoding="UTF-8"?>
<!-- Generated by org.testng.reporters.JUnitReportReporter -->
<testsuite skipped="0" hostname="Gateway-PC" name="com.schemaxtech.testAutomationFrameworkTest.TestAutomationUtilTest3" tests="1" failures="0" timestamp="10 Jul 2019 07:03:20 GMT" time="3.001" errors="0">
  <testcase name="generateJsonThrough_Mapper1" time="3.001" classname="com.schemaxtech.testAutomationFrameworkTest.TestAutomationUtilTest3"/>
</testsuite> <!-- com.schemaxtech.testAutomationFrameworkTest.TestAutomationUtilTest3 -->
