<?xml version="1.0" encoding="UTF-8"?>
<!-- Generated by org.testng.reporters.JUnitReportReporter -->
<testsuite skipped="0" hostname="DESKTOP-H6S0689" name="com.schemaxtech.testAutomationFrameworkTest.TestAutomationUtilTest" tests="6" failures="0" timestamp="28 Jul 2019 18:43:38 GMT" time="147.175" errors="0">
  <testcase name="postSampleTest" time="0.399" classname="com.schemaxtech.testAutomationFrameworkTest.TestAutomationUtilTest"/>
  <testcase name="postSampleTest" time="0.369" classname="com.schemaxtech.testAutomationFrameworkTest.TestAutomationUtilTest"/>
  <testcase name="postSampleTest" time="0.370" classname="com.schemaxtech.testAutomationFrameworkTest.TestAutomationUtilTest"/>
  <testcase name="postSampleTest" time="3.080" classname="com.schemaxtech.testAutomationFrameworkTest.TestAutomationUtilTest"/>
  <testcase name="postSampleTest" time="142.627" classname="com.schemaxtech.testAutomationFrameworkTest.TestAutomationUtilTest"/>
  <testcase name="postSampleTest" time="0.330" classname="com.schemaxtech.testAutomationFrameworkTest.TestAutomationUtilTest"/>
</testsuite> <!-- com.schemaxtech.testAutomationFrameworkTest.TestAutomationUtilTest -->
